<?xml version="1.0" encoding="UTF-8"?>
<!-- Generated by org.testng.reporters.JUnitXMLReporter -->
<testsuite hostname="BY-IT00034" ignored="2" name="Onliner catalog tests" tests="4" failures="0" timestamp="2020-01-17T12:09:55 MSK" time="52.626" errors="0">
  <testcase name="dummyTest2" time="0.001" classname="by.onliner.test.suites.functional.RadiocontrolAirTest"/>
  <testcase name="radiocontrolAirTest" time="22.766" classname="by.onliner.test.suites.functional.RadiocontrolAirTest"/>
  <testcase name="radiocontrolAirTest" time="20.406" classname="by.onliner.test.suites.functional.RadiocontrolAirTest"/>
  <testcase name="dummyTest" time="0.0" classname="by.onliner.test.suites.functional.QuadrocopterSearchResultsTest"/>
  <testcase name="@BeforeSuite browserSetup" time="0.0" classname="by.onliner.test.BaseTest">
    <ignored/>
  </testcase> <!-- @BeforeSuite browserSetup -->
  <testcase name="@AfterSuite browserTearDown" time="0.0" classname="by.onliner.test.BaseTest">
    <ignored/>
  </testcase> <!-- @AfterSuite browserTearDown -->
</testsuite> <!-- Onliner catalog tests -->
