<?xml version="1.0" encoding="UTF-8"?>
<testsuite xmlns:xsi="http://www.w3.org/2001/XMLSchema-instance" xsi:noNamespaceSchemaLocation="https://maven.apache.org/surefire/maven-surefire-plugin/xsd/surefire-test-report.xsd" name="TestSuite" time="35.465" tests="3" errors="0" skipped="0" failures="2">
  <properties>
[...]
</properties>
  <testcase name="dummyTest2" classname="by.onliner.test.suites.functional.RadiocontrolAirTest" time="0.005"/>
  <testcase name="radiocontrolAirTest" classname="by.onliner.test.suites.functional.RadiocontrolAirTest" time="16.645">
    <failure message="Expected condition failed: waiting for visibility of element located by By.xpath: //div[@class=&apos;schema-filter-button__state schema-filter-button__state_initial schema-filter-button__state_disabled schema-filter-button__state_control&apos;]//span[contains(text(),&apos;Найдено 1021&apos;)] (tried for 10 second(s) with 500 milliseconds interval)" type="org.openqa.selenium.TimeoutException">org.openqa.selenium.TimeoutException: Expected condition failed: waiting for visibility of element located by By.xpath: //div[@class='schema-filter-button__state schema-filter-button__state_initial schema-filter-button__state_disabled schema-filter-button__state_control']//span[contains(text(),'Найдено 1021')] (tried for 10 second(s) with 500 milliseconds interval)
	at by.onliner.test.suites.functional.RadiocontrolAirTest.radiocontrolAirTest(RadiocontrolAirTest.java:31)
Caused by: org.openqa.selenium.NoSuchElementException: 
no such element: Unable to locate element: {"method":"xpath","selector":"//div[@class='schema-filter-button__state schema-filter-button__state_initial schema-filter-button__state_disabled schema-filter-button__state_control']//span[contains(text(),'Найдено 1021')]"}
  (Session info: chrome=79.0.3945.88)
For documentation on this error, please visit: https://www.seleniumhq.org/exceptions/no_such_element.html
Build info: version: '3.141.59', revision: 'e82be7d358', time: '2018-11-14T08:17:03'
System info: host: 'BY-IT00034', ip: '10.227.6.97', os.name: 'Windows 10', os.arch: 'amd64', os.version: '10.0', java.version: '1.8.0_181'
Driver info: org.openqa.selenium.chrome.ChromeDriver
Capabilities {acceptInsecureCerts: false, browserName: chrome, browserVersion: 79.0.3945.88, chrome: {chromedriverVersion: 79.0.3945.36 (3582db32b3389..., userDataDir: C:\Users\MAXIM~1.VOL\AppDat...}, goog:chromeOptions: {debuggerAddress: localhost:51857}, javascriptEnabled: true, networkConnectionEnabled: false, pageLoadStrategy: normal, platform: WINDOWS, platformName: WINDOWS, proxy: Proxy(), setWindowRect: true, strictFileInteractability: false, timeouts: {implicit: 0, pageLoad: 300000, script: 30000}, unhandledPromptBehavior: dismiss and notify}
Session ID: b41f310be5d56a697a183e1e608b2d75
*** Element info: {Using=xpath, value=//div[@class='schema-filter-button__state schema-filter-button__state_initial schema-filter-button__state_disabled schema-filter-button__state_control']//span[contains(text(),'Найдено 1021')]}
	at by.onliner.test.suites.functional.RadiocontrolAirTest.radiocontrolAirTest(RadiocontrolAirTest.java:31)
</failure>
    <system-out><![CDATA[2019-12-26 13:01:27 INFO  BaseTest:62 - Open https://onliner.by/
2019-12-26 13:01:29 INFO  OnlinerHomePage:30 - Open Top Menu Section: Каталог
2019-12-26 13:01:29 INFO  OnlinerCatalogPage:44 - Select Catalog Category: Красота и спорт
2019-12-26 13:01:30 INFO  OnlinerCatalogPage:51 - Select Catalog SubCategory: Хобби
2019-12-26 13:01:32 INFO  OnlinerCatalogPage:58 - Select Catalog SubCategory: Радиоуправляемые авиамодели
2019-12-26 13:01:33 INFO  RadiocontrolAirPage:146 - Checking Page Header
2019-12-26 13:01:33 INFO  RadiocontrolAirPage:148 - Page header name is correct: Радиоуправляемые авиамодели
2019-12-26 13:01:33 INFO  RadiocontrolAirPage:71 - Scroll to Left Menu Element: Тип
2019-12-26 13:01:33 INFO  RadiocontrolAirPage:86 - Select Left Menu Item: квадрокоптер
2019-12-26 13:01:33 INFO  RadiocontrolAirPage:86 - Select Left Menu Item: пластик
2019-12-26 13:01:33 INFO  RadiocontrolAirPage:86 - Select Left Menu Item: металл
2019-12-26 13:01:33 INFO  RadiocontrolAirPage:109 - Set Minimal Range: 100
2019-12-26 13:01:33 INFO  RadiocontrolAirPage:71 - Scroll to Left Menu Element: Дальность действия, м
2019-12-26 13:01:33 INFO  RadiocontrolAirPage:115 - Open Additional Parameters
2019-12-26 13:01:34 INFO  RadiocontrolAirPage:86 - Select Left Menu Item: бесколлекторный
2019-12-26 13:01:34 INFO  RadiocontrolAirPage:157 - Verification that Number of Search Results is correct
]]></system-out>
  </testcase>
  <testcase name="dummyTest" classname="by.onliner.test.suites.functional.QuadrocopterSearchResultsTest" time="0.004">
    <failure message="expected [4] but found [2]" type="java.lang.AssertionError">java.lang.AssertionError: expected [4] but found [2]
	at by.onliner.test.suites.functional.QuadrocopterSearchResultsTest.dummyTest(QuadrocopterSearchResultsTest.java:22)
</failure>
    <system-out><![CDATA[Successfully captured a screenshot
2019-12-26 13:01:46 INFO  BaseTest:62 - Open https://onliner.by/
2019-12-26 13:01:46 INFO  QuadrocopterSearchResultsTest:21 -  !!! Startring test: Test #2 !!!
]]></system-out>
  </testcase>
</testsuite>