<?xml version="1.0" encoding="UTF-8"?>
<testng-results skipped="0" failed="0" ignored="0" total="1" passed="1">
  <reporter-output>
  </reporter-output>
  <suite name="Onlinertests" duration-ms="11108" started-at="2020-01-21T14:46:06 MSK" finished-at="2020-01-21T14:46:17 MSK">
    <groups>
    </groups>
    <test name="Onliner catalog tests" duration-ms="11108" started-at="2020-01-21T14:46:06 MSK" finished-at="2020-01-21T14:46:17 MSK">
      <class name="by.onliner.test.suites.smoke.RCTest">
        <test-method status="PASS" signature="browserSetup()[pri:0, instance:by.onliner.test.suites.smoke.RCTest@2a556333]" name="browserSetup" is-config="true" duration-ms="10413" started-at="2020-01-21T14:45:56 MSK" finished-at="2020-01-21T14:46:06 MSK">
          <reporter-output>
          </reporter-output>
        </test-method> <!-- browserSetup -->
        <test-method status="PASS" signature="beforeEachTest(java.lang.reflect.Method)[pri:0, instance:by.onliner.test.suites.smoke.RCTest@2a556333]" name="beforeEachTest" is-config="true" duration-ms="8498" started-at="2020-01-21T14:46:06 MSK" finished-at="2020-01-21T14:46:15 MSK">
          <params>
            <param index="0">
              <value>
                <![CDATA[public void by.onliner.test.suites.smoke.RCTest.radiocontrolAirTest(by.onliner.test.data.entities.RCCreateAccountData) throws java.lang.InterruptedException]]>
              </value>
            </param>
          </params>
          <reporter-output>
          </reporter-output>
        </test-method> <!-- beforeEachTest -->
        <test-method status="PASS" signature="radiocontrolAirTest(by.onliner.test.data.entities.RCCreateAccountData)[pri:0, instance:by.onliner.test.suites.smoke.RCTest@2a556333]" name="radiocontrolAirTest" duration-ms="2033" started-at="2020-01-21T14:46:15 MSK" data-provider="contactData" finished-at="2020-01-21T14:46:17 MSK">
          <params>
            <param index="0">
              <value>
                <![CDATA[RCCreateAccountData(firstName=John, lastName=Doe, monthOfBirth=November, dayOfBirth=W, yearOfBirth=W, country=W, email=W, newPassword=W, securityQuestion=W, answer=W)]]>
              </value>
            </param>
          </params>
          <reporter-output>
          </reporter-output>
        </test-method> <!-- radiocontrolAirTest -->
        <test-method status="PASS" signature="afterMethod(org.testng.ITestResult)[pri:0, instance:by.onliner.test.suites.smoke.RCTest@2a556333]" name="afterMethod" is-config="true" duration-ms="551" started-at="2020-01-21T14:46:17 MSK" finished-at="2020-01-21T14:46:17 MSK">
          <params>
            <param index="0">
              <value>
                <![CDATA[[TestResult name=radiocontrolAirTest status=SUCCESS method=RCTest.radiocontrolAirTest(by.onliner.test.data.entities.RCCreateAccountData)[pri:0, instance:by.onliner.test.suites.smoke.RCTest@2a556333] output={null}]]]>
              </value>
            </param>
          </params>
          <reporter-output>
          </reporter-output>
        </test-method> <!-- afterMethod -->
        <test-method status="PASS" signature="browserTearDown()[pri:0, instance:by.onliner.test.suites.smoke.RCTest@2a556333]" name="browserTearDown" is-config="true" duration-ms="756" started-at="2020-01-21T14:46:17 MSK" finished-at="2020-01-21T14:46:18 MSK">
          <reporter-output>
          </reporter-output>
        </test-method> <!-- browserTearDown -->
      </class> <!-- by.onliner.test.suites.smoke.RCTest -->
    </test> <!-- Onliner catalog tests -->
  </suite> <!-- Onlinertests -->
</testng-results>
